# JRE version: OpenJDK Runtime Environment (8.0_121-b13) (build 1.8.0_121-b13)
# Java VM: OpenJDK 64-Bit Server VM (25.121-b13 mixed mode linux-amd64 compressed oops)
Heap:
 PSYoungGen      total 392192K, used 0K [0x00000000d9600000, 0x00000000fea80000, 0x0000000100000000)
  eden space 186880K, 0% used [0x00000000d9600000,0x00000000d9600000,0x00000000e4c80000)
  from space 205312K, 0% used [0x00000000f2200000,0x00000000f2200000,0x00000000fea80000)
  to   space 210944K, 88% used [0x00000000e4e80000,0x00000000f04ffe08,0x00000000f1c80000)
 ParOldGen       total 1025536K, used 964697K [0x000000008c200000, 0x00000000cab80000, 0x00000000d9600000)
  object space 1025536K, 94% used [0x000000008c200000,0x00000000c7016698,0x00000000cab80000)
 Metaspace       used 8653K, capacity 8810K, committed 9088K, reserved 1056768K
  class space    used 969K, capacity 1059K, committed 1152K, reserved 1048576K
GC Heap History (10 events):
Event: 15.184 GC heap after
Heap after GC invocations=15 (full 4):
 PSYoungGen      total 355840K, used 210914K [0x00000000d9600000, 0x00000000ff000000, 0x0000000100000000)
  eden space 144896K, 0% used [0x00000000d9600000,0x00000000d9600000,0x00000000e2380000)
  from space 210944K, 99% used [0x00000000e2380000,0x00000000ef178a88,0x00000000ef180000)
  to   space 210944K, 0% used [0x00000000f2200000,0x00000000f2200000,0x00000000ff000000)
 ParOldGen       total 564736K, used 513440K [0x000000008c200000, 0x00000000ae980000, 0x00000000d9600000)
  object space 564736K, 90% used [0x000000008c200000,0x00000000ab768378,0x00000000ae980000)
 Metaspace       used 8653K, capacity 8810K, committed 9088K, reserved 1056768K
  class space    used 969K, capacity 1059K, committed 1152K, reserved 1048576K
}
Event: 15.184 GC heap before
{Heap before GC invocations=16 (full 5):
 PSYoungGen      total 355840K, used 210914K [0x00000000d9600000, 0x00000000ff000000, 0x0000000100000000)
  eden space 144896K, 0% used [0x00000000d9600000,0x00000000d9600000,0x00000000e2380000)
  from space 210944K, 99% used [0x00000000e2380000,0x00000000ef178a88,0x00000000ef180000)
  to   space 210944K, 0% used [0x00000000f2200000,0x00000000f2200000,0x00000000ff000000)
 ParOldGen       total 564736K, used 513440K [0x000000008c200000, 0x00000000ae980000, 0x00000000d9600000)
  object space 564736K, 90% used [0x000000008c200000,0x00000000ab768378,0x00000000ae980000)
 Metaspace       used 8653K, capacity 8810K, committed 9088K, reserved 1056768K
  class space    used 969K, capacity 1059K, committed 1152K, reserved 1048576K
Event: 17.247 GC heap after
Heap after GC invocations=16 (full 5):
 PSYoungGen      total 355840K, used 122610K [0x00000000d9600000, 0x00000000ff000000, 0x0000000100000000)
  eden space 144896K, 0% used [0x00000000d9600000,0x00000000d9600000,0x00000000e2380000)
  from space 210944K, 58% used [0x00000000e2380000,0x00000000e9b3ca80,0x00000000ef180000)
  to   space 210944K, 0% used [0x00000000f2200000,0x00000000f2200000,0x00000000ff000000)
 ParOldGen       total 783872K, used 564396K [0x000000008c200000, 0x00000000bbf80000, 0x00000000d9600000)
  object space 783872K, 72% used [0x000000008c200000,0x00000000ae92b360,0x00000000bbf80000)
 Metaspace       used 8653K, capacity 8810K, committed 9088K, reserved 1056768K
  class space    used 969K, capacity 1059K, committed 1152K, reserved 1048576K
}
Event: 17.280 GC heap before
{Heap before GC invocations=17 (full 5):
 PSYoungGen      total 355840K, used 267506K [0x00000000d9600000, 0x00000000ff000000, 0x0000000100000000)
  eden space 144896K, 100% used [0x00000000d9600000,0x00000000e2380000,0x00000000e2380000)
  from space 210944K, 58% used [0x00000000e2380000,0x00000000e9b3ca80,0x00000000ef180000)
  to   space 210944K, 0% used [0x00000000f2200000,0x00000000f2200000,0x00000000ff000000)
 ParOldGen       total 783872K, used 564396K [0x000000008c200000, 0x00000000bbf80000, 0x00000000d9600000)
  object space 783872K, 72% used [0x000000008c200000,0x00000000ae92b360,0x00000000bbf80000)
 Metaspace       used 8653K, capacity 8810K, committed 9088K, reserved 1056768K
  class space    used 969K, capacity 1059K, committed 1152K, reserved 1048576K
Event: 17.861 GC heap after
Heap after GC invocations=17 (full 5):
 PSYoungGen      total 392192K, used 205024K [0x00000000d9600000, 0x00000000fea80000, 0x0000000100000000)
  eden space 186880K, 0% used [0x00000000d9600000,0x00000000d9600000,0x00000000e4c80000)
  from space 205312K, 99% used [0x00000000f2200000,0x00000000fea38000,0x00000000fea80000)
  to   space 210944K, 0% used [0x00000000e4e80000,0x00000000e4e80000,0x00000000f1c80000)
 ParOldGen       total 783872K, used 627844K [0x000000008c200000, 0x00000000bbf80000, 0x00000000d9600000)
  object space 783872K, 80% used [0x000000008c200000,0x00000000b2721360,0x00000000bbf80000)
 Metaspace       used 8653K, capacity 8810K, committed 9088K, reserved 1056768K
  class space    used 969K, capacity 1059K, committed 1152K, reserved 1048576K
}
Event: 17.926 GC heap before
{Heap before GC invocations=18 (full 5):
 PSYoungGen      total 392192K, used 391904K [0x00000000d9600000, 0x00000000fea80000, 0x0000000100000000)
  eden space 186880K, 100% used [0x00000000d9600000,0x00000000e4c80000,0x00000000e4c80000)
  from space 205312K, 99% used [0x00000000f2200000,0x00000000fea38000,0x00000000fea80000)
  to   space 210944K, 0% used [0x00000000e4e80000,0x00000000e4e80000,0x00000000f1c80000)
 ParOldGen       total 783872K, used 627844K [0x000000008c200000, 0x00000000bbf80000, 0x00000000d9600000)
  object space 783872K, 80% used [0x000000008c200000,0x00000000b2721360,0x00000000bbf80000)
 Metaspace       used 8653K, capacity 8810K, committed 9088K, reserved 1056768K
  class space    used 969K, capacity 1059K, committed 1152K, reserved 1048576K
Event: 18.428 GC heap after
Heap after GC invocations=18 (full 5):
 PSYoungGen      total 392192K, used 391904K [0x00000000d9600000, 0x00000000fea80000, 0x0000000100000000)
  eden space 186880K, 100% used [0x00000000d9600000,0x00000000e4c80000,0x00000000e4c80000)
  from space 205312K, 99% used [0x00000000f2200000,0x00000000fea38000,0x00000000fea80000)
  to   space 210944K, 88% used [0x00000000e4e80000,0x00000000f0540fc8,0x00000000f1c80000)
 ParOldGen       total 826880K, used 826484K [0x000000008c200000, 0x00000000be980000, 0x00000000d9600000)
  object space 826880K, 99% used [0x000000008c200000,0x00000000be91d360,0x00000000be980000)
 Metaspace       used 8653K, capacity 8810K, committed 9088K, reserved 1056768K
  class space    used 969K, capacity 1059K, committed 1152K, reserved 1048576K
}
Event: 18.428 GC heap before
{Heap before GC invocations=19 (full 6):
 PSYoungGen      total 392192K, used 391904K [0x00000000d9600000, 0x00000000fea80000, 0x0000000100000000)
  eden space 186880K, 100% used [0x00000000d9600000,0x00000000e4c80000,0x00000000e4c80000)
  from space 205312K, 99% used [0x00000000f2200000,0x00000000fea38000,0x00000000fea80000)
  to   space 210944K, 88% used [0x00000000e4e80000,0x00000000f0540fc8,0x00000000f1c80000)
 ParOldGen       total 826880K, used 826484K [0x000000008c200000, 0x00000000be980000, 0x00000000d9600000)
  object space 826880K, 99% used [0x000000008c200000,0x00000000be91d360,0x00000000be980000)
 Metaspace       used 8653K, capacity 8810K, committed 9088K, reserved 1056768K
  class space    used 969K, capacity 1059K, committed 1152K, reserved 1048576K
Event: 21.278 GC heap after
Heap after GC invocations=19 (full 6):
 PSYoungGen      total 392192K, used 0K [0x00000000d9600000, 0x00000000fea80000, 0x0000000100000000)
  eden space 186880K, 0% used [0x00000000d9600000,0x00000000d9600000,0x00000000e4c80000)
  from space 205312K, 0% used [0x00000000f2200000,0x00000000f2200000,0x00000000fea80000)
  to   space 210944K, 88% used [0x00000000e4e80000,0x00000000f04ffe08,0x00000000f1c80000)
 ParOldGen       total 1025536K, used 777820K [0x000000008c200000, 0x00000000cab80000, 0x00000000d9600000)
  object space 1025536K, 75% used [0x000000008c200000,0x00000000bb997018,0x00000000cab80000)
 Metaspace       used 8653K, capacity 8810K, committed 9088K, reserved 1056768K
  class space    used 969K, capacity 1059K, committed 1152K, reserved 1048576K
}
Event: 21.321 GC heap before
{Heap before GC invocations=20 (full 7):
 PSYoungGen      total 392192K, used 186880K [0x00000000d9600000, 0x00000000fea80000, 0x0000000100000000)
  eden space 186880K, 100% used [0x00000000d9600000,0x00000000e4c80000,0x00000000e4c80000)
  from space 205312K, 0% used [0x00000000f2200000,0x00000000f2200000,0x00000000fea80000)
  to   space 210944K, 88% used [0x00000000e4e80000,0x00000000f04ffe08,0x00000000f1c80000)
 ParOldGen       total 1025536K, used 777820K [0x000000008c200000, 0x00000000cab80000, 0x00000000d9600000)
  object space 1025536K, 75% used [0x000000008c200000,0x00000000bb997018,0x00000000cab80000)
 Metaspace       used 8653K, capacity 8810K, committed 9088K, reserved 1056768K
  class space    used 969K, capacity 1059K, committed 1152K, reserved 1048576K

