# JRE version: OpenJDK Runtime Environment (8.0_121-b13) (build 1.8.0_121-b13)
# Java VM: OpenJDK 64-Bit Server VM (25.121-b13 mixed mode linux-amd64 compressed oops)
Heap:
 PSYoungGen      total 421888K, used 65251K [0x00000000d9600000, 0x0000000100000000, 0x0000000100000000)
  eden space 210944K, 0% used [0x00000000d9600000,0x00000000d9600000,0x00000000e6400000)
  from space 210944K, 30% used [0x00000000f3200000,0x00000000f71b8f40,0x0000000100000000)
  to   space 210944K, 0% used [0x00000000e6400000,0x00000000e6400000,0x00000000f3200000)
 ParOldGen       total 1068032K, used 1067893K [0x000000008c200000, 0x00000000cd500000, 0x00000000d9600000)
  object space 1068032K, 99% used [0x000000008c200000,0x00000000cd4dd7b0,0x00000000cd500000)
 Metaspace       used 8670K, capacity 8874K, committed 9088K, reserved 1056768K
  class space    used 969K, capacity 1059K, committed 1152K, reserved 1048576K
GC Heap History (10 events):
Event: 17.924 GC heap after
Heap after GC invocations=16 (full 5):
 PSYoungGen      total 352768K, used 115967K [0x00000000d9600000, 0x00000000fec00000, 0x0000000100000000)
  eden space 141824K, 0% used [0x00000000d9600000,0x00000000d9600000,0x00000000e2080000)
  from space 210944K, 54% used [0x00000000e2080000,0x00000000e91bfe80,0x00000000eee80000)
  to   space 210944K, 0% used [0x00000000f1e00000,0x00000000f1e00000,0x00000000fec00000)
 ParOldGen       total 784384K, used 564896K [0x000000008c200000, 0x00000000bc000000, 0x00000000d9600000)
  object space 784384K, 72% used [0x000000008c200000,0x00000000ae9a81b0,0x00000000bc000000)
 Metaspace       used 8670K, capacity 8874K, committed 9088K, reserved 1056768K
  class space    used 969K, capacity 1059K, committed 1152K, reserved 1048576K
}
Event: 17.959 GC heap before
{Heap before GC invocations=17 (full 5):
 PSYoungGen      total 352768K, used 257791K [0x00000000d9600000, 0x00000000fec00000, 0x0000000100000000)
  eden space 141824K, 100% used [0x00000000d9600000,0x00000000e2080000,0x00000000e2080000)
  from space 210944K, 54% used [0x00000000e2080000,0x00000000e91bfe80,0x00000000eee80000)
  to   space 210944K, 0% used [0x00000000f1e00000,0x00000000f1e00000,0x00000000fec00000)
 ParOldGen       total 784384K, used 564896K [0x000000008c200000, 0x00000000bc000000, 0x00000000d9600000)
  object space 784384K, 72% used [0x000000008c200000,0x00000000ae9a81b0,0x00000000bc000000)
 Metaspace       used 8670K, capacity 8874K, committed 9088K, reserved 1056768K
  class space    used 969K, capacity 1059K, committed 1152K, reserved 1048576K
Event: 18.479 GC heap after
Heap after GC invocations=17 (full 5):
 PSYoungGen      total 385024K, used 193312K [0x00000000d9600000, 0x00000000fe400000, 0x0000000100000000)
  eden space 182272K, 0% used [0x00000000d9600000,0x00000000d9600000,0x00000000e4800000)
  from space 202752K, 95% used [0x00000000f1e00000,0x00000000fdac8000,0x00000000fe400000)
  to   space 210944K, 0% used [0x00000000e4800000,0x00000000e4800000,0x00000000f1600000)
 ParOldGen       total 784384K, used 630360K [0x000000008c200000, 0x00000000bc000000, 0x00000000d9600000)
  object space 784384K, 80% used [0x000000008c200000,0x00000000b29961b0,0x00000000bc000000)
 Metaspace       used 8670K, capacity 8874K, committed 9088K, reserved 1056768K
  class space    used 969K, capacity 1059K, committed 1152K, reserved 1048576K
}
Event: 18.523 GC heap before
{Heap before GC invocations=18 (full 5):
 PSYoungGen      total 385024K, used 375584K [0x00000000d9600000, 0x00000000fe400000, 0x0000000100000000)
  eden space 182272K, 100% used [0x00000000d9600000,0x00000000e4800000,0x00000000e4800000)
  from space 202752K, 95% used [0x00000000f1e00000,0x00000000fdac8000,0x00000000fe400000)
  to   space 210944K, 0% used [0x00000000e4800000,0x00000000e4800000,0x00000000f1600000)
 ParOldGen       total 784384K, used 630360K [0x000000008c200000, 0x00000000bc000000, 0x00000000d9600000)
  object space 784384K, 80% used [0x000000008c200000,0x00000000b29961b0,0x00000000bc000000)
 Metaspace       used 8670K, capacity 8874K, committed 9088K, reserved 1056768K
  class space    used 969K, capacity 1059K, committed 1152K, reserved 1048576K
Event: 18.929 GC heap after
Heap after GC invocations=18 (full 5):
 PSYoungGen      total 393216K, used 182499K [0x00000000d9600000, 0x0000000100000000, 0x0000000100000000)
  eden space 182272K, 0% used [0x00000000d9600000,0x00000000d9600000,0x00000000e4800000)
  from space 210944K, 86% used [0x00000000e4800000,0x00000000efa38fc8,0x00000000f1600000)
  to   space 210944K, 0% used [0x00000000f3200000,0x00000000f3200000,0x0000000100000000)
 ParOldGen       total 825344K, used 824760K [0x000000008c200000, 0x00000000be800000, 0x00000000d9600000)
  object space 825344K, 99% used [0x000000008c200000,0x00000000be76e1b0,0x00000000be800000)
 Metaspace       used 8670K, capacity 8874K, committed 9088K, reserved 1056768K
  class space    used 969K, capacity 1059K, committed 1152K, reserved 1048576K
}
Event: 18.929 GC heap before
{Heap before GC invocations=19 (full 6):
 PSYoungGen      total 393216K, used 182499K [0x00000000d9600000, 0x0000000100000000, 0x0000000100000000)
  eden space 182272K, 0% used [0x00000000d9600000,0x00000000d9600000,0x00000000e4800000)
  from space 210944K, 86% used [0x00000000e4800000,0x00000000efa38fc8,0x00000000f1600000)
  to   space 210944K, 0% used [0x00000000f3200000,0x00000000f3200000,0x0000000100000000)
 ParOldGen       total 825344K, used 824760K [0x000000008c200000, 0x00000000be800000, 0x00000000d9600000)
  object space 825344K, 99% used [0x000000008c200000,0x00000000be76e1b0,0x00000000be800000)
 Metaspace       used 8670K, capacity 8874K, committed 9088K, reserved 1056768K
  class space    used 969K, capacity 1059K, committed 1152K, reserved 1048576K
Event: 21.777 GC heap after
Heap after GC invocations=19 (full 6):
 PSYoungGen      total 393216K, used 182270K [0x00000000d9600000, 0x0000000100000000, 0x0000000100000000)
  eden space 182272K, 0% used [0x00000000d9600000,0x00000000d9600000,0x00000000e4800000)
  from space 210944K, 86% used [0x00000000e4800000,0x00000000ef9ffac8,0x00000000f1600000)
  to   space 210944K, 0% used [0x00000000f3200000,0x00000000f3200000,0x0000000100000000)
 ParOldGen       total 1068032K, used 768604K [0x000000008c200000, 0x00000000cd500000, 0x00000000d9600000)
  object space 1068032K, 71% used [0x000000008c200000,0x00000000bb0970e8,0x00000000cd500000)
 Metaspace       used 8670K, capacity 8874K, committed 9088K, reserved 1056768K
  class space    used 969K, capacity 1059K, committed 1152K, reserved 1048576K
}
Event: 21.830 GC heap before
{Heap before GC invocations=20 (full 6):
 PSYoungGen      total 393216K, used 364542K [0x00000000d9600000, 0x0000000100000000, 0x0000000100000000)
  eden space 182272K, 100% used [0x00000000d9600000,0x00000000e4800000,0x00000000e4800000)
  from space 210944K, 86% used [0x00000000e4800000,0x00000000ef9ffac8,0x00000000f1600000)
  to   space 210944K, 0% used [0x00000000f3200000,0x00000000f3200000,0x0000000100000000)
 ParOldGen       total 1068032K, used 768604K [0x000000008c200000, 0x00000000cd500000, 0x00000000d9600000)
  object space 1068032K, 71% used [0x000000008c200000,0x00000000bb0970e8,0x00000000cd500000)
 Metaspace       used 8670K, capacity 8874K, committed 9088K, reserved 1056768K
  class space    used 969K, capacity 1059K, committed 1152K, reserved 1048576K
Event: 22.286 GC heap after
Heap after GC invocations=20 (full 6):
 PSYoungGen      total 421888K, used 182688K [0x00000000d9600000, 0x0000000100000000, 0x0000000100000000)
  eden space 210944K, 0% used [0x00000000d9600000,0x00000000d9600000,0x00000000e6400000)
  from space 210944K, 86% used [0x00000000f3200000,0x00000000fe468000,0x0000000100000000)
  to   space 210944K, 0% used [0x00000000e6400000,0x00000000e6400000,0x00000000f3200000)
 ParOldGen       total 1068032K, used 951688K [0x000000008c200000, 0x00000000cd500000, 0x00000000d9600000)
  object space 1068032K, 89% used [0x000000008c200000,0x00000000c63620b0,0x00000000cd500000)
 Metaspace       used 8670K, capacity 8874K, committed 9088K, reserved 1056768K
  class space    used 969K, capacity 1059K, committed 1152K, reserved 1048576K
}
Event: 22.286 GC heap before
{Heap before GC invocations=21 (full 7):
 PSYoungGen      total 421888K, used 182688K [0x00000000d9600000, 0x0000000100000000, 0x0000000100000000)
  eden space 210944K, 0% used [0x00000000d9600000,0x00000000d9600000,0x00000000e6400000)
  from space 210944K, 86% used [0x00000000f3200000,0x00000000fe468000,0x0000000100000000)
  to   space 210944K, 0% used [0x00000000e6400000,0x00000000e6400000,0x00000000f3200000)
 ParOldGen       total 1068032K, used 951688K [0x000000008c200000, 0x00000000cd500000, 0x00000000d9600000)
  object space 1068032K, 89% used [0x000000008c200000,0x00000000c63620b0,0x00000000cd500000)
 Metaspace       used 8670K, capacity 8874K, committed 9088K, reserved 1056768K
  class space    used 969K, capacity 1059K, committed 1152K, reserved 1048576K

