# JRE version: OpenJDK Runtime Environment (8.0_121-b13) (build 1.8.0_121-b13)
# Java VM: OpenJDK 64-Bit Server VM (25.121-b13 mixed mode linux-amd64 compressed oops)
Heap:
 PSYoungGen      total 313856K, used 62312K [0x00000000e1300000, 0x00000000ff000000, 0x0000000100000000)
  eden space 145920K, 0% used [0x00000000e1300000,0x00000000e1300000,0x00000000ea180000)
  from space 167936K, 37% used [0x00000000f4580000,0x00000000f825a288,0x00000000fe980000)
  to   space 167936K, 0% used [0x00000000ea180000,0x00000000ea180000,0x00000000f4580000)
 ParOldGen       total 540160K, used 539655K [0x00000000a3800000, 0x00000000c4780000, 0x00000000e1300000)
  object space 540160K, 99% used [0x00000000a3800000,0x00000000c4701d08,0x00000000c4780000)
 Metaspace       used 8583K, capacity 8810K, committed 9088K, reserved 1056768K
  class space    used 966K, capacity 1059K, committed 1152K, reserved 1048576K
GC Heap History (10 events):
Event: 2.675 GC heap after
Heap after GC invocations=10 (full 3):
 PSYoungGen      total 192000K, used 109028K [0x00000000e1300000, 0x00000000fbf80000, 0x0000000100000000)
  eden space 82944K, 0% used [0x00000000e1300000,0x00000000e1300000,0x00000000e6400000)
  from space 109056K, 99% used [0x00000000e6400000,0x00000000ece792f0,0x00000000ece80000)
  to   space 159232K, 0% used [0x00000000f2400000,0x00000000f2400000,0x00000000fbf80000)
 ParOldGen       total 345600K, used 260153K [0x00000000a3800000, 0x00000000b8980000, 0x00000000e1300000)
  object space 345600K, 75% used [0x00000000a3800000,0x00000000b360e770,0x00000000b8980000)
 Metaspace       used 8583K, capacity 8810K, committed 9088K, reserved 1056768K
  class space    used 966K, capacity 1059K, committed 1152K, reserved 1048576K
}
Event: 2.675 GC heap before
{Heap before GC invocations=11 (full 4):
 PSYoungGen      total 192000K, used 109028K [0x00000000e1300000, 0x00000000fbf80000, 0x0000000100000000)
  eden space 82944K, 0% used [0x00000000e1300000,0x00000000e1300000,0x00000000e6400000)
  from space 109056K, 99% used [0x00000000e6400000,0x00000000ece792f0,0x00000000ece80000)
  to   space 159232K, 0% used [0x00000000f2400000,0x00000000f2400000,0x00000000fbf80000)
 ParOldGen       total 345600K, used 260153K [0x00000000a3800000, 0x00000000b8980000, 0x00000000e1300000)
  object space 345600K, 75% used [0x00000000a3800000,0x00000000b360e770,0x00000000b8980000)
 Metaspace       used 8583K, capacity 8810K, committed 9088K, reserved 1056768K
  class space    used 966K, capacity 1059K, committed 1152K, reserved 1048576K
Event: 3.757 GC heap after
Heap after GC invocations=11 (full 4):
 PSYoungGen      total 192000K, used 7637K [0x00000000e1300000, 0x00000000fbf80000, 0x0000000100000000)
  eden space 82944K, 0% used [0x00000000e1300000,0x00000000e1300000,0x00000000e6400000)
  from space 109056K, 7% used [0x00000000e6400000,0x00000000e6b756d8,0x00000000ece80000)
  to   space 159232K, 0% used [0x00000000f2400000,0x00000000f2400000,0x00000000fbf80000)
 ParOldGen       total 540160K, used 345176K [0x00000000a3800000, 0x00000000c4780000, 0x00000000e1300000)
  object space 540160K, 63% used [0x00000000a3800000,0x00000000b8916280,0x00000000c4780000)
 Metaspace       used 8583K, capacity 8810K, committed 9088K, reserved 1056768K
  class space    used 966K, capacity 1059K, committed 1152K, reserved 1048576K
}
Event: 3.782 GC heap before
{Heap before GC invocations=12 (full 4):
 PSYoungGen      total 192000K, used 90581K [0x00000000e1300000, 0x00000000fbf80000, 0x0000000100000000)
  eden space 82944K, 100% used [0x00000000e1300000,0x00000000e6400000,0x00000000e6400000)
  from space 109056K, 7% used [0x00000000e6400000,0x00000000e6b756d8,0x00000000ece80000)
  to   space 159232K, 0% used [0x00000000f2400000,0x00000000f2400000,0x00000000fbf80000)
 ParOldGen       total 540160K, used 345176K [0x00000000a3800000, 0x00000000c4780000, 0x00000000e1300000)
  object space 540160K, 63% used [0x00000000a3800000,0x00000000b8916280,0x00000000c4780000)
 Metaspace       used 8583K, capacity 8810K, committed 9088K, reserved 1056768K
  class space    used 966K, capacity 1059K, committed 1152K, reserved 1048576K
Event: 3.891 GC heap after
Heap after GC invocations=12 (full 4):
 PSYoungGen      total 263168K, used 90807K [0x00000000e1300000, 0x00000000fb680000, 0x0000000100000000)
  eden space 113152K, 0% used [0x00000000e1300000,0x00000000e1300000,0x00000000e8180000)
  from space 150016K, 60% used [0x00000000f2400000,0x00000000f7cadc60,0x00000000fb680000)
  to   space 158208K, 0% used [0x00000000e8180000,0x00000000e8180000,0x00000000f1c00000)
 ParOldGen       total 540160K, used 345176K [0x00000000a3800000, 0x00000000c4780000, 0x00000000e1300000)
  object space 540160K, 63% used [0x00000000a3800000,0x00000000b8916280,0x00000000c4780000)
 Metaspace       used 8583K, capacity 8810K, committed 9088K, reserved 1056768K
  class space    used 966K, capacity 1059K, committed 1152K, reserved 1048576K
}
Event: 3.916 GC heap before
{Heap before GC invocations=13 (full 4):
 PSYoungGen      total 263168K, used 203959K [0x00000000e1300000, 0x00000000fb680000, 0x0000000100000000)
  eden space 113152K, 100% used [0x00000000e1300000,0x00000000e8180000,0x00000000e8180000)
  from space 150016K, 60% used [0x00000000f2400000,0x00000000f7cadc60,0x00000000fb680000)
  to   space 158208K, 0% used [0x00000000e8180000,0x00000000e8180000,0x00000000f1c00000)
 ParOldGen       total 540160K, used 345176K [0x00000000a3800000, 0x00000000c4780000, 0x00000000e1300000)
  object space 540160K, 63% used [0x00000000a3800000,0x00000000b8916280,0x00000000c4780000)
 Metaspace       used 8583K, capacity 8810K, committed 9088K, reserved 1056768K
  class space    used 966K, capacity 1059K, committed 1152K, reserved 1048576K
Event: 4.031 GC heap after
Heap after GC invocations=13 (full 4):
 PSYoungGen      total 271360K, used 158199K [0x00000000e1300000, 0x00000000fe980000, 0x0000000100000000)
  eden space 113152K, 0% used [0x00000000e1300000,0x00000000e1300000,0x00000000e8180000)
  from space 158208K, 99% used [0x00000000e8180000,0x00000000f1bfdc60,0x00000000f1c00000)
  to   space 167936K, 0% used [0x00000000f4580000,0x00000000f4580000,0x00000000fe980000)
 ParOldGen       total 540160K, used 391048K [0x00000000a3800000, 0x00000000c4780000, 0x00000000e1300000)
  object space 540160K, 72% used [0x00000000a3800000,0x00000000bb5e2280,0x00000000c4780000)
 Metaspace       used 8583K, capacity 8810K, committed 9088K, reserved 1056768K
  class space    used 966K, capacity 1059K, committed 1152K, reserved 1048576K
}
Event: 4.060 GC heap before
{Heap before GC invocations=14 (full 4):
 PSYoungGen      total 271360K, used 271351K [0x00000000e1300000, 0x00000000fe980000, 0x0000000100000000)
  eden space 113152K, 100% used [0x00000000e1300000,0x00000000e8180000,0x00000000e8180000)
  from space 158208K, 99% used [0x00000000e8180000,0x00000000f1bfdc60,0x00000000f1c00000)
  to   space 167936K, 0% used [0x00000000f4580000,0x00000000f4580000,0x00000000fe980000)
 ParOldGen       total 540160K, used 391048K [0x00000000a3800000, 0x00000000c4780000, 0x00000000e1300000)
  object space 540160K, 72% used [0x00000000a3800000,0x00000000bb5e2280,0x00000000c4780000)
 Metaspace       used 8583K, capacity 8810K, committed 9088K, reserved 1056768K
  class space    used 966K, capacity 1059K, committed 1152K, reserved 1048576K
Event: 4.246 GC heap after
Heap after GC invocations=14 (full 4):
 PSYoungGen      total 313856K, used 167906K [0x00000000e1300000, 0x00000000ff000000, 0x0000000100000000)
  eden space 145920K, 0% used [0x00000000e1300000,0x00000000e1300000,0x00000000ea180000)
  from space 167936K, 99% used [0x00000000f4580000,0x00000000fe978a88,0x00000000fe980000)
  to   space 167936K, 0% used [0x00000000ea180000,0x00000000ea180000,0x00000000f4580000)
 ParOldGen       total 540160K, used 458568K [0x00000000a3800000, 0x00000000c4780000, 0x00000000e1300000)
  object space 540160K, 84% used [0x00000000a3800000,0x00000000bf7d2280,0x00000000c4780000)
 Metaspace       used 8583K, capacity 8810K, committed 9088K, reserved 1056768K
  class space    used 966K, capacity 1059K, committed 1152K, reserved 1048576K
}
Event: 4.246 GC heap before
{Heap before GC invocations=15 (full 5):
 PSYoungGen      total 313856K, used 167906K [0x00000000e1300000, 0x00000000ff000000, 0x0000000100000000)
  eden space 145920K, 0% used [0x00000000e1300000,0x00000000e1300000,0x00000000ea180000)
  from space 167936K, 99% used [0x00000000f4580000,0x00000000fe978a88,0x00000000fe980000)
  to   space 167936K, 0% used [0x00000000ea180000,0x00000000ea180000,0x00000000f4580000)
 ParOldGen       total 540160K, used 458568K [0x00000000a3800000, 0x00000000c4780000, 0x00000000e1300000)
  object space 540160K, 84% used [0x00000000a3800000,0x00000000bf7d2280,0x00000000c4780000)
 Metaspace       used 8583K, capacity 8810K, committed 9088K, reserved 1056768K
  class space    used 966K, capacity 1059K, committed 1152K, reserved 1048576K

